<?xml version='1.0' encoding='UTF-8'?><coverage complexity="0" branch-rate="0.7551020408163265" branches-covered="37" branches-valid="49" line-rate="0.9473684210526315" lines-covered="18" lines-valid="19" timestamp="1601380058523" version="2.1.0"><!--
Generated by Apama epl_coverage v10.7.1.0.0 (build UNKNOWN_VERSION@0)
--><!--
File format complies with https://raw.githubusercontent.com/cobertura/web/master/htdocs/xml/coverage-04.dtd
--><!--
1 non-fatal error(s) occurred during coverage reporting: 
   - Cannot find source file: "C:\dev\10.7\apama-test\system\correlator\corba\testcases\correctness\Corr_Corba_cor_1529\Output\amd64-win\tobedeleted\t1.mon"--><sources/><packages><package name="EPL" branch-rate="0.7551020408163265" line-rate="0.9473684210526315" complexity="0"><classes><class branch-rate="0.875" line-rate="1.0" filename="C:/dev/10.7/apama-test/system/correlator/corba/testcases/correctness/Corr_Corba_cor_1529/Input/d1/d1a/t2.mon" name="Input/d1/d1a/t2.mon"><methods/><lines><line number="3" hits="1" branch="false"/><line number="7" hits="1" branch="false"/><line number="8" hits="1" branch="true" condition-coverage="50% (1/2)"><conditions><condition number="0" type="jump" coverage="50%"/></conditions></line><line number="9" hits="1" branch="false"/></lines></class><class branch-rate="0.875" line-rate="1.0" filename="C:/dev/10.7/apama-test/system/correlator/corba/testcases/correctness/Corr_Corba_cor_1529/Input/d1/d1a/t3.mon" name="Input/d1/d1a/t3.mon"><methods/><lines><line number="3" hits="1" branch="false"/><line number="7" hits="1" branch="false"/><line number="8" hits="1" branch="true" condition-coverage="50% (1/2)"><conditions><condition number="0" type="jump" coverage="50%"/></conditions></line><line number="9" hits="1" branch="false"/></lines></class><class branch-rate="0.64" line-rate="0.8571428571428571" filename="C:/dev/10.7/apama-test/system/correlator/corba/testcases/correctness/Corr_Corba_cor_1529/Input/d2/t4.mon" name="Input/d2/t4.mon"><methods/><lines><line number="3" hits="1" branch="false"/><line number="5" hits="1" branch="false"/><line number="8" hits="1" branch="false"/><line number="9" hits="1" branch="true" condition-coverage="63% (7/11)"><conditions><condition number="0" type="jump" coverage="63%"/></conditions></line><line number="11" hits="1" branch="true" condition-coverage="50% (1/2)"><conditions><condition number="0" type="jump" coverage="50%"/></conditions></line><line number="13" hits="0" branch="false"/><line number="15" hits="1" branch="false"/></lines></class><class branch-rate="0.875" line-rate="1.0" filename="C:/dev/10.7/apama-test/system/correlator/corba/testcases/correctness/Corr_Corba_cor_1529/Output/amd64-win/d3/t2.mon" name="d3/t2.mon"><methods/><lines><line number="3" hits="1" branch="false"/><line number="7" hits="1" branch="false"/><line number="10" hits="1" branch="true" condition-coverage="50% (1/2)"><conditions><condition number="0" type="jump" coverage="50%"/></conditions></line><line number="11" hits="1" branch="false"/></lines></class></classes></package></packages></coverage>